build/app/outputs/mapping/release/mapping.txt
# compiler: R8
# compiler_version: 1.5.64
# min_api: 16
# pg_map_id: 4600c83
...
io.flutter.plugin.common.StandardMethodCodec -> b.a.b.a.p:
    io.flutter.plugin.common.StandardMessageCodec messageCodec -> a
    io.flutter.plugin.common.StandardMethodCodec INSTANCE -> b
    io.flutter.plugin.common.MethodCall decodeMethodCall(java.nio.ByteBuffer) -> a
    java.nio.ByteBuffer encodeErrorEnvelope(java.lang.String,java.lang.String,java.lang.Object) -> a
    java.nio.ByteBuffer encodeMethodCall(io.flutter.plugin.common.MethodCall) -> a
    java.nio.ByteBuffer encodeSuccessEnvelope(java.lang.Object) -> a
    java.lang.Object decodeEnvelope(java.nio.ByteBuffer) -> b
io.flutter.plugin.common.StringCodec -> b.a.b.a.q:
    java.nio.charset.Charset UTF8 -> a
    io.flutter.plugin.common.StringCodec INSTANCE -> b
    java.lang.Object decodeMessage(java.nio.ByteBuffer) -> a
    java.lang.String decodeMessage(java.nio.ByteBuffer) -> a
    java.nio.ByteBuffer encodeMessage(java.lang.Object) -> a
    java.nio.ByteBuffer encodeMessage(java.lang.String) -> a
io.flutter.plugin.editing.InputConnectionAdaptor -> b.a.b.b.a:
    io.flutter.embedding.engine.systemchannels.TextInputChannel textInputChannel -> c
    boolean isSamsung -> i
    android.view.inputmethod.EditorInfo mEditorInfo -> e
    android.view.View mFlutterView -> a
    int mBatchCount -> f
    android.view.inputmethod.InputMethodManager mImm -> g
    android.text.Editable mEditable -> d
    int mClient -> b
    android.text.Layout mLayout -> h
    int clampIndexToEditable(int,android.text.Editable) -> a
    boolean isSamsung() -> a
    void updateEditingState() -> b
io.flutter.plugin.editing.TextInputPlugin -> b.a.b.b.b:
    io.flutter.plugin.platform.PlatformViewsController platformViewsController -> i
    io.flutter.embedding.engine.systemchannels.TextInputChannel textInputChannel -> c
    io.flutter.plugin.editing.TextInputPlugin$InputTarget inputTarget -> d
    boolean restartAlwaysRequired -> j
    boolean isInputConnectionLocked -> k
    android.view.View mView -> a
    android.text.Editable mEditable -> f
    boolean mRestartInputPending -> g
    io.flutter.embedding.engine.systemchannels.TextInputChannel$Configuration configuration -> e
    android.view.inputmethod.InputMethodManager mImm -> b
    android.view.inputmethod.InputConnection lastInputConnection -> h
    android.view.View access$000(io.flutter.plugin.editing.TextInputPlugin) -> a
    void access$100(io.flutter.plugin.editing.TextInputPlugin,android.view.View) -> a
    void access$300(io.flutter.plugin.editing.TextInputPlugin,int) -> a
    void applyStateToSelection(io.flutter.embedding.engine.systemchannels.TextInputChannel$TextEditState) -> a
    void clearPlatformViewClient(int) -> a
    android.view.inputmethod.InputConnection createInputConnection(android.view.View,android.view.inputmethod.EditorInfo) -> a
    void destroy() -> a
    void hideTextInput(android.view.View) -> a
io.flutter.plugin.editing.TextInputPlugin$1 -> b.a.b.b.b$a:
    io.flutter.plugin.editing.TextInputPlugin this$0 -> a
    void hide() -> a
    void setClient(int,io.flutter.embedding.engine.systemchannels.TextInputChannel$Configuration) -> a
    void setEditingState(io.flutter.embedding.engine.systemchannels.TextInputChannel$TextEditState) -> a
    void setPlatformViewClient(int) -> a
    void clearClient() -> b
    void show() -> c
io.flutter.plugin.editing.TextInputPlugin$InputTarget -> b.a.b.b.b$b:
    io.flutter.plugin.editing.TextInputPlugin$InputTarget$Type type -> a
    int id -> b
io.flutter.plugin.editing.TextInputPlugin$InputTarget$Type -> b.a.b.b.b$b$a:
    io.flutter.plugin.editing.TextInputPlugin$InputTarget$Type[] $VALUES -> d
    io.flutter.plugin.editing.TextInputPlugin$InputTarget$Type PLATFORM_VIEW -> c
    io.flutter.plugin.editing.TextInputPlugin$InputTarget$Type NO_TARGET -> a
    io.flutter.plugin.editing.TextInputPlugin$InputTarget$Type FRAMEWORK_CLIENT -> b